app/build/intermediates/manifest_merge_blame_file/release/manifest-merger-blame-release-report.txt
1<?xml version="1.0" encoding="utf-8"?>
2<manifest xmlns:android="http://schemas.android.com/apk/res/android"
3    package="com.kaizenvpn.vpn"
4    android:versionCode="1"
5    android:versionName="1.0" >
6
7    <uses-sdk
8        android:minSdkVersion="26"
9        android:targetSdkVersion="33" />
10
11    <uses-permission android:name="android.permission.INTERNET" />
11-->src/main/AndroidManifest.xml:5:5-67
11-->src/main/AndroidManifest.xml:5:22-64
12    <uses-permission android:name="android.permission.ACCESS_NETWORK_STATE" />
12-->src/main/AndroidManifest.xml:6:5-79
12-->src/main/AndroidManifest.xml:6:22-76
13    <uses-permission android:name="android.permission.ACCESS_WIFI_STATE" />
13-->src/main/AndroidManifest.xml:7:5-75
13-->src/main/AndroidManifest.xml:7:22-73
14    <uses-permission android:name="android.permission.FOREGROUND_SERVICE" />
14-->src/main/AndroidManifest.xml:8:5-77
14-->src/main/AndroidManifest.xml:8:22-74
15    <uses-permission android:name="android.permission.POST_NOTIFICATIONS" />
15-->src/main/AndroidManifest.xml:9:5-77
15-->src/main/AndroidManifest.xml:9:22-74
16    <uses-permission android:name="com.android.vending.BILLING" /> <!-- Create a unique permission for your app and use it so only your app can receive your OneSignal messages. -->
16-->[com.android.billingclient:billing-ktx:6.0.1] AndroidManifest.xml:9:5-67
16-->[com.android.billingclient:billing-ktx:6.0.1] AndroidManifest.xml:9:22-64
17    <permission
17-->[com.onesignal:notifications:5.0.5] AndroidManifest.xml:10:5-12:47
18        android:name="com.kaizenvpn.vpn.permission.C2D_MESSAGE"
18-->[com.onesignal:notifications:5.0.5] AndroidManifest.xml:11:9-63
19        android:protectionLevel="signature" />
19-->[com.onesignal:notifications:5.0.5] AndroidManifest.xml:12:9-44
20
21    <uses-permission android:name="com.kaizenvpn.vpn.permission.C2D_MESSAGE" /> <!-- Required, makes sure notifications are delivered on time. -->
21-->[com.onesignal:notifications:5.0.5] AndroidManifest.xml:14:5-79
21-->[com.onesignal:notifications:5.0.5] AndroidManifest.xml:14:22-76
22    <uses-permission android:name="android.permission.WAKE_LOCK" /> <!-- c2dm RECEIVE are basic requirements for push messages through Google's FCM -->
22-->[com.onesignal:notifications:5.0.5] AndroidManifest.xml:18:5-68
22-->[com.onesignal:notifications:5.0.5] AndroidManifest.xml:18:22-65
23    <uses-permission android:name="com.google.android.c2dm.permission.RECEIVE" />
23-->[com.onesignal:notifications:5.0.5] AndroidManifest.xml:19:5-82
23-->[com.onesignal:notifications:5.0.5] AndroidManifest.xml:19:22-79
24    <!--
25 Required so the device vibrates on receiving a push notification.
26         Vibration settings of the device still apply.
27    -->
28    <uses-permission android:name="android.permission.VIBRATE" />
28-->[com.onesignal:notifications:5.0.5] AndroidManifest.xml:24:5-66
28-->[com.onesignal:notifications:5.0.5] AndroidManifest.xml:24:22-63
29    <!--
30 Use to restore notifications the user hasn't interacted with.
31     They could be missed notifications if the user reboots their device if this isn't in place.
32    -->
33    <uses-permission android:name="android.permission.RECEIVE_BOOT_COMPLETED" /> <!-- START: ShortcutBadger -->
33-->[com.onesignal:notifications:5.0.5] AndroidManifest.xml:29:5-81
33-->[com.onesignal:notifications:5.0.5] AndroidManifest.xml:29:22-78
34    <!-- Samsung -->
35    <uses-permission android:name="com.sec.android.provider.badge.permission.READ" />
35-->[com.onesignal:notifications:5.0.5] AndroidManifest.xml:31:5-86
35-->[com.onesignal:notifications:5.0.5] AndroidManifest.xml:31:22-83
36    <uses-permission android:name="com.sec.android.provider.badge.permission.WRITE" /> <!-- HTC -->
36-->[com.onesignal:notifications:5.0.5] AndroidManifest.xml:32:5-87
36-->[com.onesignal:notifications:5.0.5] AndroidManifest.xml:32:22-84
37    <uses-permission android:name="com.htc.launcher.permission.READ_SETTINGS" />
37-->[com.onesignal:notifications:5.0.5] AndroidManifest.xml:33:5-81
37-->[com.onesignal:notifications:5.0.5] AndroidManifest.xml:33:22-78
38    <uses-permission android:name="com.htc.launcher.permission.UPDATE_SHORTCUT" /> <!-- Sony -->
38-->[com.onesignal:notifications:5.0.5] AndroidManifest.xml:34:5-83
38-->[com.onesignal:notifications:5.0.5] AndroidManifest.xml:34:22-80
39    <uses-permission android:name="com.sonyericsson.home.permission.BROADCAST_BADGE" />
39-->[com.onesignal:notifications:5.0.5] AndroidManifest.xml:35:5-88
39-->[com.onesignal:notifications:5.0.5] AndroidManifest.xml:35:22-85
40    <uses-permission android:name="com.sonymobile.home.permission.PROVIDER_INSERT_BADGE" /> <!-- Apex -->
40-->[com.onesignal:notifications:5.0.5] AndroidManifest.xml:36:5-92
40-->[com.onesignal:notifications:5.0.5] AndroidManifest.xml:36:22-89
41    <uses-permission android:name="com.anddoes.launcher.permission.UPDATE_COUNT" /> <!-- Solid -->
41-->[com.onesignal:notifications:5.0.5] AndroidManifest.xml:37:5-84
41-->[com.onesignal:notifications:5.0.5] AndroidManifest.xml:37:22-81
42    <uses-permission android:name="com.majeur.launcher.permission.UPDATE_BADGE" /> <!-- Huawei -->
42-->[com.onesignal:notifications:5.0.5] AndroidManifest.xml:38:5-83
42-->[com.onesignal:notifications:5.0.5] AndroidManifest.xml:38:22-80
43    <uses-permission android:name="com.huawei.android.launcher.permission.CHANGE_BADGE" />
43-->[com.onesignal:notifications:5.0.5] AndroidManifest.xml:39:5-91
43-->[com.onesignal:notifications:5.0.5] AndroidManifest.xml:39:22-88
44    <uses-permission android:name="com.huawei.android.launcher.permission.READ_SETTINGS" />
44-->[com.onesignal:notifications:5.0.5] AndroidManifest.xml:40:5-92
44-->[com.onesignal:notifications:5.0.5] AndroidManifest.xml:40:22-89
45    <uses-permission android:name="com.huawei.android.launcher.permission.WRITE_SETTINGS" /> <!-- ZUK -->
45-->[com.onesignal:notifications:5.0.5] AndroidManifest.xml:41:5-93
45-->[com.onesignal:notifications:5.0.5] AndroidManifest.xml:41:22-90
46    <uses-permission android:name="android.permission.READ_APP_BADGE" /> <!-- OPPO -->
46-->[com.onesignal:notifications:5.0.5] AndroidManifest.xml:42:5-73
46-->[com.onesignal:notifications:5.0.5] AndroidManifest.xml:42:22-70
47    <uses-permission android:name="com.oppo.launcher.permission.READ_SETTINGS" />
47-->[com.onesignal:notifications:5.0.5] AndroidManifest.xml:43:5-82
47-->[com.onesignal:notifications:5.0.5] AndroidManifest.xml:43:22-79
48    <uses-permission android:name="com.oppo.launcher.permission.WRITE_SETTINGS" /> <!-- EvMe -->
48-->[com.onesignal:notifications:5.0.5] AndroidManifest.xml:44:5-83
48-->[com.onesignal:notifications:5.0.5] AndroidManifest.xml:44:22-80
49    <uses-permission android:name="me.everything.badger.permission.BADGE_COUNT_READ" />
49-->[com.onesignal:notifications:5.0.5] AndroidManifest.xml:45:5-88
49-->[com.onesignal:notifications:5.0.5] AndroidManifest.xml:45:22-85
50    <uses-permission android:name="me.everything.badger.permission.BADGE_COUNT_WRITE" />
50-->[com.onesignal:notifications:5.0.5] AndroidManifest.xml:46:5-89
50-->[com.onesignal:notifications:5.0.5] AndroidManifest.xml:46:22-86
51    <!--
52         At a minimum the location module requires course permission, the app has the option
53         to also include ACCESS_FINE_LOCATION and/or ACCESS_BACKGROUND_LOCATION
54    -->
55    <uses-permission android:name="android.permission.ACCESS_COARSE_LOCATION" />
55-->[com.onesignal:location:5.0.5] AndroidManifest.xml:13:5-81
55-->[com.onesignal:location:5.0.5] AndroidManifest.xml:13:22-78
56    <uses-permission android:name="android.permission.WRITE_EXTERNAL_STORAGE" />
57    <uses-permission android:name="android.permission.READ_PHONE_STATE" />
58    <uses-permission android:name="android.permission.READ_EXTERNAL_STORAGE" />
59    <uses-permission android:name="com.google.android.gms.permission.AD_ID" />
59-->[com.google.android.gms:play-services-ads-lite:22.4.0] AndroidManifest.xml:26:5-79
59-->[com.google.android.gms:play-services-ads-lite:22.4.0] AndroidManifest.xml:26:22-76
60    <uses-permission android:name="android.permission.ACCESS_ADSERVICES_AD_ID" />
60-->[com.google.android.gms:play-services-ads-lite:22.4.0] AndroidManifest.xml:27:5-82
60-->[com.google.android.gms:play-services-ads-lite:22.4.0] AndroidManifest.xml:27:22-79
61    <uses-permission android:name="android.permission.ACCESS_ADSERVICES_ATTRIBUTION" />
61-->[com.google.android.gms:play-services-ads-lite:22.4.0] AndroidManifest.xml:28:5-88
61-->[com.google.android.gms:play-services-ads-lite:22.4.0] AndroidManifest.xml:28:22-85
62    <uses-permission android:name="android.permission.ACCESS_ADSERVICES_TOPICS" /> <!-- Android package visibility setting -->
62-->[com.google.android.gms:play-services-ads-lite:22.4.0] AndroidManifest.xml:29:5-83
62-->[com.google.android.gms:play-services-ads-lite:22.4.0] AndroidManifest.xml:29:22-80
63    <queries>
63-->[com.google.android.gms:play-services-ads-lite:22.4.0] AndroidManifest.xml:35:5-51:15
64
65        <!-- For browser content -->
66        <intent>
66-->[com.google.android.gms:play-services-ads-lite:22.4.0] AndroidManifest.xml:38:9-44:18
67            <action android:name="android.intent.action.VIEW" />
67-->[com.onesignal:notifications:5.0.5] AndroidManifest.xml:76:17-69
67-->[com.onesignal:notifications:5.0.5] AndroidManifest.xml:76:25-66
68
69            <category android:name="android.intent.category.BROWSABLE" />
69-->[com.google.android.gms:play-services-ads-lite:22.4.0] AndroidManifest.xml:41:13-74
69-->[com.google.android.gms:play-services-ads-lite:22.4.0] AndroidManifest.xml:41:23-71
70
71            <data android:scheme="https" />
71-->[com.google.android.gms:play-services-ads-lite:22.4.0] AndroidManifest.xml:43:13-44
71-->[com.google.android.gms:play-services-ads-lite:22.4.0] AndroidManifest.xml:43:19-41
72        </intent>
73        <!-- End of browser content -->
74        <!-- For CustomTabsService -->
75        <intent>
75-->[com.google.android.gms:play-services-ads-lite:22.4.0] AndroidManifest.xml:47:9-49:18
76            <action android:name="android.support.customtabs.action.CustomTabsService" />
76-->[com.google.android.gms:play-services-ads-lite:22.4.0] AndroidManifest.xml:48:13-90
76-->[com.google.android.gms:play-services-ads-lite:22.4.0] AndroidManifest.xml:48:21-87
77        </intent>
78        <!-- End of CustomTabsService -->
79        <intent>
79-->[com.android.billingclient:billing:6.0.1] AndroidManifest.xml:13:9-15:18
80            <action android:name="com.android.vending.billing.InAppBillingService.BIND" />
80-->[com.android.billingclient:billing:6.0.1] AndroidManifest.xml:14:13-91
80-->[com.android.billingclient:billing:6.0.1] AndroidManifest.xml:14:21-88
81        </intent>
82    </queries>
83
84    <uses-permission android:name="com.google.android.finsky.permission.BIND_GET_INSTALL_REFERRER_SERVICE" />
84-->[com.google.android.gms:play-services-measurement:21.3.0] AndroidManifest.xml:26:5-110
84-->[com.google.android.gms:play-services-measurement:21.3.0] AndroidManifest.xml:26:22-107
85
86    <permission
86-->[androidx.core:core:1.10.1] AndroidManifest.xml:22:5-24:47
87        android:name="com.kaizenvpn.vpn.DYNAMIC_RECEIVER_NOT_EXPORTED_PERMISSION"
87-->[androidx.core:core:1.10.1] AndroidManifest.xml:23:9-81
88        android:protectionLevel="signature" />
88-->[androidx.core:core:1.10.1] AndroidManifest.xml:24:9-44
89
90    <uses-permission android:name="com.kaizenvpn.vpn.DYNAMIC_RECEIVER_NOT_EXPORTED_PERMISSION" />
90-->[androidx.core:core:1.10.1] AndroidManifest.xml:26:5-97
90-->[androidx.core:core:1.10.1] AndroidManifest.xml:26:22-94
91
92    <application
92-->src/main/AndroidManifest.xml:11:5-64:19
93        android:name="com.kaizenvpn.vpn.MyApp"
93-->src/main/AndroidManifest.xml:12:9-30
94        android:allowBackup="true"
94-->src/main/AndroidManifest.xml:13:9-35
95        android:appComponentFactory="androidx.core.app.CoreComponentFactory"
95-->[androidx.core:core:1.10.1] AndroidManifest.xml:28:18-86
96        android:dataExtractionRules="@xml/data_extraction_rules"
96-->src/main/AndroidManifest.xml:14:9-65
97        android:extractNativeLibs="true"
97-->src/main/AndroidManifest.xml:15:9-41
98        android:fullBackupContent="@xml/backup_rules"
98-->src/main/AndroidManifest.xml:16:9-54
99        android:icon="@mipmap/logo"
99-->src/main/AndroidManifest.xml:17:9-36
100        android:label="@string/app_name"
100-->src/main/AndroidManifest.xml:18:9-41
101        android:roundIcon="@mipmap/logo"
101-->src/main/AndroidManifest.xml:19:9-41
102        android:supportsRtl="true"
102-->src/main/AndroidManifest.xml:20:9-35
103        android:theme="@style/Theme.WitVPN"
103-->src/main/AndroidManifest.xml:21:9-44
104        android:usesCleartextTraffic="true" >
104-->src/main/AndroidManifest.xml:22:9-44
105        <activity
105-->src/main/AndroidManifest.xml:24:9-35:20
106            android:name="com.kaizenvpn.vpn.presentation.MainActivity"
106-->src/main/AndroidManifest.xml:25:13-54
107            android:exported="true"
107-->src/main/AndroidManifest.xml:26:13-36
108            android:screenOrientation="portrait"
108-->src/main/AndroidManifest.xml:27:13-49
109            android:windowSoftInputMode="adjustResize" >
109-->src/main/AndroidManifest.xml:28:13-55
110            <intent-filter>
110-->src/main/AndroidManifest.xml:30:13-34:29
111                <action android:name="android.intent.action.MAIN" />
111-->src/main/AndroidManifest.xml:31:17-69
111-->src/main/AndroidManifest.xml:31:25-66
112
113                <category android:name="android.intent.category.LAUNCHER" />
113-->src/main/AndroidManifest.xml:33:17-77
113-->src/main/AndroidManifest.xml:33:27-74
114            </intent-filter>
115        </activity>
116        <activity
116-->src/main/AndroidManifest.xml:37:9-42:55
117            android:name="com.kaizenvpn.vpn.presentation.IntroActivity"
117-->src/main/AndroidManifest.xml:38:13-55
118            android:exported="true"
118-->src/main/AndroidManifest.xml:39:13-36
119            android:screenOrientation="portrait"
119-->src/main/AndroidManifest.xml:40:13-49
120            android:windowSoftInputMode="adjustResize" />
120-->src/main/AndroidManifest.xml:41:13-55
121        <activity
121-->src/main/AndroidManifest.xml:45:9-50:61
122            android:name="de.blinkt.openvpn.DisconnectVPNActivity"
122-->src/main/AndroidManifest.xml:46:13-67
123            android:excludeFromRecents="true"
123-->src/main/AndroidManifest.xml:47:13-46
124            android:noHistory="true"
124-->src/main/AndroidManifest.xml:48:13-37
125            android:taskAffinity=".DisconnectVPN"
125-->src/main/AndroidManifest.xml:49:13-50
126            android:theme="@style/Theme.AppCompat.Dialog" />
126-->src/main/AndroidManifest.xml:50:13-58
127
128        <service
128-->src/main/AndroidManifest.xml:52:9-59:19
129            android:name="de.blinkt.openvpn.core.OpenVPNService"
129-->src/main/AndroidManifest.xml:53:13-65
130            android:exported="false"
130-->src/main/AndroidManifest.xml:54:13-37
131            android:permission="android.permission.BIND_VPN_SERVICE" >
131-->src/main/AndroidManifest.xml:55:13-69
132            <intent-filter>
132-->src/main/AndroidManifest.xml:56:13-58:29
133                <action android:name="android.net.VpnService" />
133-->src/main/AndroidManifest.xml:57:17-65
133-->src/main/AndroidManifest.xml:57:25-62
134            </intent-filter>
135        </service>
136
137        <meta-data
137-->src/main/AndroidManifest.xml:61:9-63:70
138            android:name="com.google.android.gms.ads.APPLICATION_ID"
138-->src/main/AndroidManifest.xml:62:13-69
139            android:value="ca-app-pub-3940256099942544~3347511713" />
139-->src/main/AndroidManifest.xml:63:13-67
140
141        <service
141-->[com.google.firebase:firebase-crashlytics-ktx:18.4.3] AndroidManifest.xml:21:9-27:19
142            android:name="com.google.firebase.components.ComponentDiscoveryService"
142-->[com.google.firebase:firebase-crashlytics-ktx:18.4.3] AndroidManifest.xml:22:13-84
143            android:directBootAware="true"
143-->[com.google.firebase:firebase-common:20.3.3] AndroidManifest.xml:34:13-43
144            android:exported="false" >
144-->[com.google.firebase:firebase-crashlytics-ktx:18.4.3] AndroidManifest.xml:23:13-37
145            <meta-data
145-->[com.google.firebase:firebase-crashlytics-ktx:18.4.3] AndroidManifest.xml:24:13-26:85
146                android:name="com.google.firebase.components:com.google.firebase.crashlytics.ktx.FirebaseCrashlyticsKtxRegistrar"
146-->[com.google.firebase:firebase-crashlytics-ktx:18.4.3] AndroidManifest.xml:25:17-130
147                android:value="com.google.firebase.components.ComponentRegistrar" />
147-->[com.google.firebase:firebase-crashlytics-ktx:18.4.3] AndroidManifest.xml:26:17-82
148            <meta-data
148-->[com.google.firebase:firebase-firestore-ktx:24.8.1] AndroidManifest.xml:12:13-14:85
149                android:name="com.google.firebase.components:com.google.firebase.firestore.ktx.FirebaseFirestoreKtxRegistrar"
149-->[com.google.firebase:firebase-firestore-ktx:24.8.1] AndroidManifest.xml:13:17-126
150                android:value="com.google.firebase.components.ComponentRegistrar" />
150-->[com.google.firebase:firebase-firestore-ktx:24.8.1] AndroidManifest.xml:14:17-82
151            <meta-data
151-->[com.google.firebase:firebase-firestore:24.8.1] AndroidManifest.xml:17:13-19:85
152                android:name="com.google.firebase.components:com.google.firebase.firestore.FirestoreRegistrar"
152-->[com.google.firebase:firebase-firestore:24.8.1] AndroidManifest.xml:18:17-111
153                android:value="com.google.firebase.components.ComponentRegistrar" />
153-->[com.google.firebase:firebase-firestore:24.8.1] AndroidManifest.xml:19:17-82
154            <meta-data
154-->[com.google.firebase:firebase-crashlytics:18.4.3] AndroidManifest.xml:15:13-17:85
155                android:name="com.google.firebase.components:com.google.firebase.crashlytics.CrashlyticsRegistrar"
155-->[com.google.firebase:firebase-crashlytics:18.4.3] AndroidManifest.xml:16:17-115
156                android:value="com.google.firebase.components.ComponentRegistrar" />
156-->[com.google.firebase:firebase-crashlytics:18.4.3] AndroidManifest.xml:17:17-82
157            <meta-data
157-->[com.google.firebase:firebase-sessions:1.0.2] AndroidManifest.xml:25:13-27:85
158                android:name="com.google.firebase.components:com.google.firebase.sessions.FirebaseSessionsRegistrar"
158-->[com.google.firebase:firebase-sessions:1.0.2] AndroidManifest.xml:26:17-117
159                android:value="com.google.firebase.components.ComponentRegistrar" />
159-->[com.google.firebase:firebase-sessions:1.0.2] AndroidManifest.xml:27:17-82
160            <meta-data
160-->[com.google.firebase:firebase-analytics-ktx:21.3.0] AndroidManifest.xml:11:13-13:85
161                android:name="com.google.firebase.components:com.google.firebase.analytics.ktx.FirebaseAnalyticsKtxRegistrar"
161-->[com.google.firebase:firebase-analytics-ktx:21.3.0] AndroidManifest.xml:12:17-126
162                android:value="com.google.firebase.components.ComponentRegistrar" />
162-->[com.google.firebase:firebase-analytics-ktx:21.3.0] AndroidManifest.xml:13:17-82
163            <meta-data
163-->[com.google.android.gms:play-services-measurement-api:21.3.0] AndroidManifest.xml:31:13-33:85
164                android:name="com.google.firebase.components:com.google.firebase.analytics.connector.internal.AnalyticsConnectorRegistrar"
164-->[com.google.android.gms:play-services-measurement-api:21.3.0] AndroidManifest.xml:32:17-139
165                android:value="com.google.firebase.components.ComponentRegistrar" />
165-->[com.google.android.gms:play-services-measurement-api:21.3.0] AndroidManifest.xml:33:17-82
166            <meta-data
166-->[com.google.firebase:firebase-auth-ktx:22.1.2] AndroidManifest.xml:11:13-13:85
167                android:name="com.google.firebase.components:com.google.firebase.auth.ktx.FirebaseAuthKtxRegistrar"
167-->[com.google.firebase:firebase-auth-ktx:22.1.2] AndroidManifest.xml:12:17-116
168                android:value="com.google.firebase.components.ComponentRegistrar" />
168-->[com.google.firebase:firebase-auth-ktx:22.1.2] AndroidManifest.xml:13:17-82
169            <meta-data
169-->[com.google.firebase:firebase-common-ktx:20.3.3] AndroidManifest.xml:14:13-16:85
170                android:name="com.google.firebase.components:com.google.firebase.ktx.FirebaseCommonKtxRegistrar"
170-->[com.google.firebase:firebase-common-ktx:20.3.3] AndroidManifest.xml:15:17-113
171                android:value="com.google.firebase.components.ComponentRegistrar" />
171-->[com.google.firebase:firebase-common-ktx:20.3.3] AndroidManifest.xml:16:17-82
172            <meta-data
172-->[com.google.firebase:firebase-auth:22.1.2] AndroidManifest.xml:69:13-71:85
173                android:name="com.google.firebase.components:com.google.firebase.auth.FirebaseAuthRegistrar"
173-->[com.google.firebase:firebase-auth:22.1.2] AndroidManifest.xml:70:17-109
174                android:value="com.google.firebase.components.ComponentRegistrar" />
174-->[com.google.firebase:firebase-auth:22.1.2] AndroidManifest.xml:71:17-82
175            <meta-data
175-->[com.google.firebase:firebase-messaging:23.2.1] AndroidManifest.xml:53:13-55:85
176                android:name="com.google.firebase.components:com.google.firebase.messaging.FirebaseMessagingRegistrar"
176-->[com.google.firebase:firebase-messaging:23.2.1] AndroidManifest.xml:54:17-119
177                android:value="com.google.firebase.components.ComponentRegistrar" />
177-->[com.google.firebase:firebase-messaging:23.2.1] AndroidManifest.xml:55:17-82
178            <meta-data
178-->[com.google.firebase:firebase-installations:17.1.4] AndroidManifest.xml:15:13-17:85
179                android:name="com.google.firebase.components:com.google.firebase.installations.FirebaseInstallationsRegistrar"
179-->[com.google.firebase:firebase-installations:17.1.4] AndroidManifest.xml:16:17-127
180                android:value="com.google.firebase.components.ComponentRegistrar" />
180-->[com.google.firebase:firebase-installations:17.1.4] AndroidManifest.xml:17:17-82
181            <meta-data
181-->[com.google.firebase:firebase-datatransport:18.1.8] AndroidManifest.xml:27:13-29:85
182                android:name="com.google.firebase.components:com.google.firebase.datatransport.TransportRegistrar"
182-->[com.google.firebase:firebase-datatransport:18.1.8] AndroidManifest.xml:28:17-115
183                android:value="com.google.firebase.components.ComponentRegistrar" />
183-->[com.google.firebase:firebase-datatransport:18.1.8] AndroidManifest.xml:29:17-82
184        </service>
185
186        <uses-library
186-->[androidx.privacysandbox.ads:ads-adservices:1.0.0-beta05] AndroidManifest.xml:23:9-25:40
187            android:name="android.ext.adservices"
187-->[androidx.privacysandbox.ads:ads-adservices:1.0.0-beta05] AndroidManifest.xml:24:13-50
188            android:required="false" />
188-->[androidx.privacysandbox.ads:ads-adservices:1.0.0-beta05] AndroidManifest.xml:25:13-37
189
190        <receiver
190-->[com.onesignal:notifications:5.0.5] AndroidManifest.xml:49:9-60:20
191            android:name="com.onesignal.notifications.receivers.FCMBroadcastReceiver"
191-->[com.onesignal:notifications:5.0.5] AndroidManifest.xml:50:13-86
192            android:exported="true"
192-->[com.onesignal:notifications:5.0.5] AndroidManifest.xml:51:13-36
193            android:permission="com.google.android.c2dm.permission.SEND" >
193-->[com.onesignal:notifications:5.0.5] AndroidManifest.xml:52:13-73
194
195            <!-- High priority so OneSignal payloads can be filtered from other FCM receivers -->
196            <intent-filter android:priority="999" >
196-->[com.onesignal:notifications:5.0.5] AndroidManifest.xml:55:13-59:29
196-->[com.onesignal:notifications:5.0.5] AndroidManifest.xml:55:28-50
197                <action android:name="com.google.android.c2dm.intent.RECEIVE" />
197-->[com.onesignal:notifications:5.0.5] AndroidManifest.xml:56:17-81
197-->[com.onesignal:notifications:5.0.5] AndroidManifest.xml:56:25-78
198
199                <category android:name="com.kaizenvpn.vpn" />
199-->[com.onesignal:notifications:5.0.5] AndroidManifest.xml:58:17-61
199-->[com.onesignal:notifications:5.0.5] AndroidManifest.xml:58:27-58
200            </intent-filter>
201        </receiver>
202
203        <service
203-->[com.onesignal:notifications:5.0.5] AndroidManifest.xml:62:9-68:19
204            android:name="com.onesignal.notifications.services.HmsMessageServiceOneSignal"
204-->[com.onesignal:notifications:5.0.5] AndroidManifest.xml:63:13-91
205            android:exported="false" >
205-->[com.onesignal:notifications:5.0.5] AndroidManifest.xml:64:13-37
206            <intent-filter>
206-->[com.onesignal:notifications:5.0.5] AndroidManifest.xml:65:13-67:29
207                <action android:name="com.huawei.push.action.MESSAGING_EVENT" />
207-->[com.onesignal:notifications:5.0.5] AndroidManifest.xml:66:17-81
207-->[com.onesignal:notifications:5.0.5] AndroidManifest.xml:66:25-78
208            </intent-filter>
209        </service>
210
211        <activity
211-->[com.onesignal:notifications:5.0.5] AndroidManifest.xml:70:9-78:20
212            android:name="com.onesignal.notifications.activities.NotificationOpenedActivityHMS"
212-->[com.onesignal:notifications:5.0.5] AndroidManifest.xml:71:13-96
213            android:exported="true"
213-->[com.onesignal:notifications:5.0.5] AndroidManifest.xml:72:13-36
214            android:noHistory="true"
214-->[com.onesignal:notifications:5.0.5] AndroidManifest.xml:73:13-37
215            android:theme="@android:style/Theme.Translucent.NoTitleBar" >
215-->[com.onesignal:notifications:5.0.5] AndroidManifest.xml:74:13-72
216            <intent-filter>
216-->[com.onesignal:notifications:5.0.5] AndroidManifest.xml:75:13-77:29
217                <action android:name="android.intent.action.VIEW" />
217-->[com.onesignal:notifications:5.0.5] AndroidManifest.xml:76:17-69
217-->[com.onesignal:notifications:5.0.5] AndroidManifest.xml:76:25-66
218            </intent-filter>
219        </activity>
220
221        <receiver
221-->[com.onesignal:notifications:5.0.5] AndroidManifest.xml:80:9-82:39
222            android:name="com.onesignal.notifications.receivers.NotificationDismissReceiver"
222-->[com.onesignal:notifications:5.0.5] AndroidManifest.xml:81:13-93
223            android:exported="true" />
223-->[com.onesignal:notifications:5.0.5] AndroidManifest.xml:82:13-36
224        <receiver
224-->[com.onesignal:notifications:5.0.5] AndroidManifest.xml:83:9-90:20
225            android:name="com.onesignal.notifications.receivers.BootUpReceiver"
225-->[com.onesignal:notifications:5.0.5] AndroidManifest.xml:84:13-80
226            android:exported="true" >
226-->[com.onesignal:notifications:5.0.5] AndroidManifest.xml:85:13-36
227            <intent-filter>
227-->[com.onesignal:notifications:5.0.5] AndroidManifest.xml:86:13-89:29
228                <action android:name="android.intent.action.BOOT_COMPLETED" />
228-->[com.onesignal:notifications:5.0.5] AndroidManifest.xml:87:17-79
228-->[com.onesignal:notifications:5.0.5] AndroidManifest.xml:87:25-76
229                <action android:name="android.intent.action.QUICKBOOT_POWERON" />
229-->[com.onesignal:notifications:5.0.5] AndroidManifest.xml:88:17-82
229-->[com.onesignal:notifications:5.0.5] AndroidManifest.xml:88:25-79
230            </intent-filter>
231        </receiver>
232        <receiver
232-->[com.onesignal:notifications:5.0.5] AndroidManifest.xml:91:9-97:20
233            android:name="com.onesignal.notifications.receivers.UpgradeReceiver"
233-->[com.onesignal:notifications:5.0.5] AndroidManifest.xml:92:13-81
234            android:exported="true" >
234-->[com.onesignal:notifications:5.0.5] AndroidManifest.xml:93:13-36
235            <intent-filter>
235-->[com.onesignal:notifications:5.0.5] AndroidManifest.xml:94:13-96:29
236                <action android:name="android.intent.action.MY_PACKAGE_REPLACED" />
236-->[com.onesignal:notifications:5.0.5] AndroidManifest.xml:95:17-84
236-->[com.onesignal:notifications:5.0.5] AndroidManifest.xml:95:25-81
237            </intent-filter>
238        </receiver>
239
240        <activity
240-->[com.onesignal:notifications:5.0.5] AndroidManifest.xml:99:9-105:75
241            android:name="com.onesignal.notifications.activities.NotificationOpenedActivity"
241-->[com.onesignal:notifications:5.0.5] AndroidManifest.xml:100:13-93
242            android:excludeFromRecents="true"
242-->[com.onesignal:notifications:5.0.5] AndroidManifest.xml:101:13-46
243            android:exported="true"
243-->[com.onesignal:notifications:5.0.5] AndroidManifest.xml:102:13-36
244            android:noHistory="true"
244-->[com.onesignal:notifications:5.0.5] AndroidManifest.xml:103:13-37
245            android:taskAffinity=""
245-->[com.onesignal:notifications:5.0.5] AndroidManifest.xml:104:13-36
246            android:theme="@android:style/Theme.Translucent.NoTitleBar" />
246-->[com.onesignal:notifications:5.0.5] AndroidManifest.xml:105:13-72
247        <activity
247-->[com.onesignal:notifications:5.0.5] AndroidManifest.xml:106:9-111:75
248            android:name="com.onesignal.notifications.activities.NotificationOpenedActivityAndroid22AndOlder"
248-->[com.onesignal:notifications:5.0.5] AndroidManifest.xml:107:13-110
249            android:excludeFromRecents="true"
249-->[com.onesignal:notifications:5.0.5] AndroidManifest.xml:108:13-46
250            android:exported="true"
250-->[com.onesignal:notifications:5.0.5] AndroidManifest.xml:109:13-36
251            android:noHistory="true"
251-->[com.onesignal:notifications:5.0.5] AndroidManifest.xml:110:13-37
252            android:theme="@android:style/Theme.Translucent.NoTitleBar" />